[19:44:46] [Client thread/INFO]: Setting user: Player593
[19:44:53] [Client thread/INFO]: LWJGL Version: 2.9.1
[19:45:02] [Client thread/INFO]: Reloading ResourceManager: Default, FMLFileResourcePack:Forge Mod Loader, FMLFileResourcePack:Minecraft Forge, FMLFileResourcePack:Untamemadman Mod
[19:45:03] [Sound Library Loader/INFO]: Starting up SoundSystem...
[19:45:04] [Thread-7/INFO]: Initializing LWJGL OpenAL
[19:45:04] [Thread-7/INFO]: (The LWJGL binding of OpenAL.  For more information, see http://www.lwjgl.org)
[19:45:04] [Thread-7/INFO]: OpenAL initialized.
[19:45:04] [Sound Library Loader/INFO]: Sound engine started
[19:45:13] [Client thread/INFO]: Created: 512x512 textures-atlas
[19:45:15] [Client thread/INFO]: Reloading ResourceManager: Default, FMLFileResourcePack:Forge Mod Loader, FMLFileResourcePack:Minecraft Forge, FMLFileResourcePack:Untamemadman Mod
[19:45:15] [Client thread/INFO]: SoundSystem shutting down...
[19:45:16] [Client thread/WARN]: Author: Paul Lamb, www.paulscode.com
[19:45:16] [Sound Library Loader/INFO]: Starting up SoundSystem...
[19:45:16] [Thread-9/INFO]: Initializing LWJGL OpenAL
[19:45:16] [Thread-9/INFO]: (The LWJGL binding of OpenAL.  For more information, see http://www.lwjgl.org)
[19:45:16] [Thread-9/INFO]: OpenAL initialized.
[19:45:16] [Sound Library Loader/INFO]: Sound engine started
[19:45:21] [Client thread/INFO]: Created: 512x512 textures-atlas
[19:45:31] [Client thread/INFO]: Stopping!
[19:45:31] [Client thread/INFO]: SoundSystem shutting down...
[19:45:31] [Client thread/WARN]: Author: Paul Lamb, www.paulscode.com
